# Logfile created on Fri Mar 18 10:04:14 -0300 2011  [4;36;1mSQL (0.5ms)[0m   [0;1mSET client_encoding TO 'UTF8'[0m
  [4;35;1mSQL (0.3ms)[0m   [0mSET client_min_messages TO 'panic'[0m
  [4;36;1mSQL (0.3ms)[0m   [0;1mSET standard_conforming_strings = on[0m
  [4;35;1mSQL (0.3ms)[0m   [0mSET client_min_messages TO 'notice'[0m
  [4;36;1mSQL (17.0ms)[0m   [0;1mCREATE TABLE "schema_migrations" ("version" character varying(255) NOT NULL) [0m
  [4;35;1mSQL (58.0ms)[0m   [0mCREATE UNIQUE INDEX "unique_schema_migrations" ON "schema_migrations" ("version")[0m
  [4;36;1mSQL (1.5ms)[0m   [0;1mSELECT version FROM schema_migrations[0m
Migrating to CreateCoreServidors (20110317225547)
  [4;35;1mSQL (0.6ms)[0m   [0mBEGIN[0m
  [4;36;1mSQL (119.5ms)[0m   [0;1mCREATE TABLE "core_servidors" ("id" serial primary key, "created_at" timestamp, "updated_at" timestamp, "status" boolean DEFAULT 'f', "nome" character varying(255), "cpf" character varying(255), "matricula" integer, "identidade" character varying(255), "pis_pasep" character varying(255)) [0m
  [4;35;1mSQL (61.6ms)[0m   [0mCREATE INDEX "index_core_servidors_on_status" ON "core_servidors" ("status")[0m
  [4;36;1mSQL (44.7ms)[0m   [0;1mCREATE INDEX "index_core_servidors_on_nome" ON "core_servidors" ("nome")[0m
  [4;35;1mSQL (53.7ms)[0m   [0mCREATE INDEX "index_core_servidors_on_cpf" ON "core_servidors" ("cpf")[0m
  [4;36;1mSQL (55.1ms)[0m   [0;1mCREATE INDEX "index_core_servidors_on_matricula" ON "core_servidors" ("matricula")[0m
  [4;35;1mSQL (54.7ms)[0m   [0mCREATE INDEX "index_core_servidors_on_identidade" ON "core_servidors" ("identidade")[0m
  [4;36;1mSQL (36.0ms)[0m   [0;1mCREATE INDEX "index_core_servidors_on_pis_pasep" ON "core_servidors" ("pis_pasep")[0m
  [4;35;1mSQL (6.1ms)[0m   [0mINSERT INTO schema_migrations (version) VALUES ('20110317225547')[0m
  [4;36;1mSQL (23.3ms)[0m   [0;1mCOMMIT[0m
Migrating to CreateCoreUsuarios (20110318022650)
  [4;35;1mSQL (0.6ms)[0m   [0mBEGIN[0m
  [4;36;1mSQL (105.0ms)[0m   [0;1mCREATE TABLE "core_usuarios" ("id" serial primary key, "created_at" timestamp, "updated_at" timestamp, "status" boolean DEFAULT 'f', "nome" character varying(255), "cpf" character varying(255), "matricula" integer, "senha" character varying(255), "admin" boolean DEFAULT 'f', "su" boolean DEFAULT 'f', "ultimo_acesso" timestamp) [0m
  [4;35;1mSQL (38.4ms)[0m   [0mCREATE INDEX "index_core_usuarios_on_status" ON "core_usuarios" ("status")[0m
  [4;36;1mSQL (64.0ms)[0m   [0;1mCREATE INDEX "index_core_usuarios_on_nome" ON "core_usuarios" ("nome")[0m
  [4;35;1mSQL (56.8ms)[0m   [0mCREATE INDEX "index_core_usuarios_on_cpf" ON "core_usuarios" ("cpf")[0m
  [4;36;1mSQL (60.6ms)[0m   [0;1mCREATE INDEX "index_core_usuarios_on_matricula" ON "core_usuarios" ("matricula")[0m
  [4;35;1mSQL (55.7ms)[0m   [0mCREATE INDEX "index_core_usuarios_on_senha" ON "core_usuarios" ("senha")[0m
  [4;36;1mSQL (1.0ms)[0m   [0;1mINSERT INTO schema_migrations (version) VALUES ('20110318022650')[0m
  [4;35;1mSQL (6.3ms)[0m   [0mCOMMIT[0m
  [4;36;1mSQL (1.6ms)[0m   [0;1mSELECT version FROM schema_migrations[0m
